2024-02-27 17:51:05 - INFO - Waiting for 30 seconds...
2024-02-27 17:51:05 - INFO - Starting startup_programs...
2024-02-27 17:55:53 - INFO - Waiting for 30 seconds...
2024-02-27 17:55:53 - INFO - Starting startup_programs...
2024-02-27 17:55:53 - ERROR - Failed to start startup_programs .File not found.
2024-02-27 17:58:29 - INFO - Waiting for 10 seconds...
2024-02-27 17:58:29 - INFO - Starting C:\Users\melvi\AppData\Local\Discord\app-1.0.9034\Discord.exe...
2024-02-27 17:58:29 - INFO - Waiting for 10 seconds...
2024-02-27 17:58:39 - INFO - Starting C:\Program Files\WindowsApps\SpotifyAB.SpotifyMusic_1.230.1135.0_x64__zpdnekdrzrea0\Spotify.exe...
2024-02-27 17:58:39 - INFO - Waiting for 10 seconds...
2024-02-27 21:03:22 - INFO - Waiting for 10 seconds...
2024-02-27 21:03:32 - INFO - Starting C:\Users\melvi\AppData\Local\Discord\app-1.0.9034\Discord.exe...
2024-02-27 21:03:32 - INFO - Waiting for 10 seconds...
2024-02-27 21:03:42 - INFO - Starting C:\Program Files\WindowsApps\SpotifyAB.SpotifyMusic_1.230.1135.0_x64__zpdnekdrzrea0\Spotify.exe...
2024-02-27 21:03:42 - INFO - Waiting for 10 seconds...
2024-02-27 21:13:52 - INFO - Waiting for 10 seconds...
2024-02-27 21:14:02 - INFO - Starting C:\Users\melvi\AppData\Local\Discord\app-1.0.9034\Discord.exe...
2024-02-27 21:14:02 - INFO - Waiting for 10 seconds...
2024-02-27 21:14:12 - INFO - Starting C:\Program Files\WindowsApps\SpotifyAB.SpotifyMusic_1.230.1135.0_x64__zpdnekdrzrea0\Spotify.exe...
2024-02-27 21:14:12 - INFO - Waiting for 10 seconds...
2024-02-27 21:15:33 - INFO - Waiting for 10 seconds...
2024-02-27 21:15:43 - INFO - Starting C:\Users\melvi\AppData\Local\Discord\app-1.0.9034\Discord.exe...
2024-02-27 21:15:43 - INFO - Waiting for 10 seconds...
2024-02-27 21:15:53 - INFO - Starting C:\Program Files\WindowsApps\SpotifyAB.SpotifyMusic_1.230.1135.0_x64__zpdnekdrzrea0\Spotify.exe...
2024-02-27 21:15:53 - INFO - Waiting for 10 seconds...
2024-02-27 21:16:03 - ERROR - The 'startup_programs' field in the config.json file should be a list of file paths.
2024-03-02 09:59:57 - INFO - Waiting for 10 seconds...
2024-03-02 10:00:07 - INFO - Starting C:\Users\melvi\AppData\Local\Discord\app-1.0.9034\Discord.exe...
2024-03-02 10:00:08 - INFO - Waiting for 10 seconds...
2024-03-02 10:00:18 - INFO - Starting C:\Program Files\WindowsApps\SpotifyAB.SpotifyMusic_1.230.1135.0_x64__zpdnekdrzrea0\Spotify.exe...
2024-03-02 10:00:18 - INFO - Waiting for 10 seconds...
2024-03-02 13:08:33 - INFO - Waiting for 0 seconds...
2024-03-02 13:11:32 - INFO - Waiting for 0 seconds...
2024-03-02 13:11:52 - INFO - Waiting for 0 seconds...
2024-03-02 13:13:54 - INFO - Waiting for 0 seconds...
2024-03-02 13:48:33 - INFO - Waiting for 0 seconds...
2024-03-02 13:57:10 - INFO - Waiting for 0 seconds...
2024-03-03 09:45:00 - INFO - Waiting for 0 seconds...
2024-03-03 09:45:00 - INFO - Starting C:\Program Files (x86)\VB\Voicemeeter\voicemeeter8.exe with arguments ...
2024-03-03 09:58:05 - INFO - Waiting for 0 seconds...
2024-03-03 09:58:05 - INFO - Starting C:\Program Files (x86)\VB\Voicemeeter\voicemeeter8.exe with arguments ...
2024-03-03 09:58:07 - INFO - Waiting for 0 seconds...
2024-03-03 09:58:07 - INFO - Starting C:\Program Files (x86)\VB\Voicemeeter\voicemeeter8.exe with arguments ...
2024-03-03 10:00:15 - INFO - Waiting for 0 seconds...
2024-03-03 10:00:15 - INFO - Starting C:\Program Files (x86)\VB\Voicemeeter\voicemeeter8.exe with arguments ...
2024-03-03 10:00:57 - INFO - Waiting for 0 seconds...
2024-03-03 10:00:57 - INFO - Starting C:\Program Files (x86)\VB\Voicemeeter\voicemeeter8.exe with arguments ...
2024-03-03 10:03:28 - INFO - Waiting for 0 seconds...
2024-03-03 10:03:28 - INFO - Starting C:\Program Files (x86)\VB\Voicemeeter\voicemeeter8.exe with arguments ...
2024-03-04 07:58:44 - INFO - Waiting for 0 seconds...
2024-03-04 07:58:44 - INFO - Starting C:\Program Files (x86)\VB\Voicemeeter\voicemeeter8.exe with arguments ...
2024-03-04 07:59:16 - INFO - Waiting for 0 seconds...
2024-03-04 07:59:16 - INFO - Starting C:\Program Files (x86)\VB\Voicemeeter\voicemeeter8.exe with arguments ...
2024-03-05 08:08:32 - INFO - Waiting for 0 seconds...
2024-03-05 08:08:32 - INFO - Starting C:\Program Files (x86)\VB\Voicemeeter\voicemeeter8.exe with arguments ...
2024-03-05 08:08:35 - INFO - Waiting for 0 seconds...
2024-03-05 08:08:35 - INFO - Starting C:\Program Files (x86)\VB\Voicemeeter\voicemeeter8.exe with arguments ...
2024-03-06 17:12:12 - INFO - Waiting for 0 seconds...
2024-03-06 17:12:12 - INFO - Starting C:\Program Files (x86)\VB\Voicemeeter\voicemeeter8.exe with arguments ...
2024-03-06 17:12:24 - INFO - Waiting for 0 seconds...
2024-03-06 17:12:24 - INFO - Starting C:\Program Files (x86)\VB\Voicemeeter\voicemeeter8.exe with arguments ...
2024-03-07 17:09:15 - INFO - Waiting for 0 seconds...
2024-03-07 17:09:15 - INFO - Starting C:\Program Files (x86)\VB\Voicemeeter\voicemeeter8.exe with arguments ...
2024-03-07 17:09:20 - INFO - Waiting for 0 seconds...
2024-03-07 17:09:20 - INFO - Starting C:\Program Files (x86)\VB\Voicemeeter\voicemeeter8.exe with arguments ...
2024-03-07 18:33:21 - INFO - Waiting for 0 seconds...
2024-03-07 18:33:21 - INFO - Starting C:\Program Files (x86)\VB\Voicemeeter\voicemeeter8.exe with arguments ...
2024-03-07 18:33:23 - INFO - Waiting for 0 seconds...
2024-03-07 18:33:23 - INFO - Starting C:\Program Files (x86)\VB\Voicemeeter\voicemeeter8.exe with arguments ...
2024-03-07 19:41:37 - INFO - Waiting for 0 seconds...
2024-03-07 19:41:37 - INFO - Starting C:\Program Files (x86)\VB\Voicemeeter\voicemeeter8.exe with arguments ...
2024-03-07 19:41:39 - INFO - Waiting for 0 seconds...
2024-03-07 19:41:39 - INFO - Starting C:\Program Files (x86)\VB\Voicemeeter\voicemeeter8.exe with arguments ...
2024-03-08 07:55:55 - INFO - Waiting for 0 seconds...
2024-03-08 07:55:55 - INFO - Starting C:\Program Files (x86)\VB\Voicemeeter\voicemeeter8.exe with arguments ...
2024-03-08 07:56:18 - INFO - Waiting for 0 seconds...
2024-03-08 07:56:18 - INFO - Starting C:\Program Files (x86)\VB\Voicemeeter\voicemeeter8.exe with arguments ...
2024-03-09 09:36:13 - INFO - Waiting for 0 seconds...
2024-03-09 09:36:13 - INFO - Starting C:\Program Files (x86)\VB\Voicemeeter\voicemeeter8.exe with arguments ...
2024-03-09 09:36:41 - INFO - Waiting for 0 seconds...
2024-03-09 09:36:41 - INFO - Starting C:\Program Files (x86)\VB\Voicemeeter\voicemeeter8.exe with arguments ...
2024-03-09 09:50:12 - INFO - Waiting for 0 seconds...
2024-03-09 09:50:12 - INFO - Starting C:\Program Files (x86)\VB\Voicemeeter\voicemeeter8.exe with arguments ...
2024-03-09 09:50:15 - INFO - Waiting for 0 seconds...
2024-03-09 09:50:15 - INFO - Starting C:\Program Files (x86)\VB\Voicemeeter\voicemeeter8.exe with arguments ...
2024-03-10 05:31:45 - INFO - Waiting for 0 seconds...
2024-03-10 05:31:45 - INFO - Starting C:\Program Files (x86)\VB\Voicemeeter\voicemeeter8.exe with arguments ...
2024-03-10 05:31:48 - INFO - Waiting for 0 seconds...
2024-03-10 05:31:48 - INFO - Starting C:\Program Files (x86)\VB\Voicemeeter\voicemeeter8.exe with arguments ...
2024-03-11 19:16:37 - INFO - Waiting for 0 seconds...
2024-03-11 19:16:37 - INFO - Starting C:\Program Files (x86)\VB\Voicemeeter\voicemeeter8.exe with arguments ...
2024-03-11 19:16:40 - INFO - Waiting for 0 seconds...
2024-03-11 19:16:40 - INFO - Starting C:\Program Files (x86)\VB\Voicemeeter\voicemeeter8.exe with arguments ...
2024-03-12 08:10:20 - INFO - Waiting for 0 seconds...
2024-03-12 08:10:20 - INFO - Starting C:\Program Files (x86)\VB\Voicemeeter\voicemeeter8.exe with arguments ...
2024-03-13 18:15:02 - INFO - Waiting for 0 seconds...
2024-03-13 18:15:02 - INFO - Starting C:\Program Files (x86)\VB\Voicemeeter\voicemeeter8.exe with arguments ...
2024-03-13 18:31:25 - INFO - Waiting for 0 seconds...
2024-03-13 18:31:25 - INFO - Starting C:\Program Files (x86)\VB\Voicemeeter\voicemeeter8.exe with arguments ...
2024-03-13 18:37:22 - INFO - Waiting for 0 seconds...
2024-03-13 18:37:22 - INFO - Starting C:\Program Files (x86)\VB\Voicemeeter\voicemeeter8.exe with arguments ...
2024-03-13 18:37:27 - INFO - Waiting for 10 seconds...
2024-03-13 18:37:37 - INFO - Starting D:\SteamLibrary\steamapps\common\wallpaper_engine\wallpaper64.exe with arguments ...
2024-03-13 18:37:38 - INFO - Waiting for 15 seconds...
2024-03-13 18:37:53 - INFO - Starting C:\Program Files (x86)\Steam\steam.exe with arguments ...
2024-03-13 18:37:53 - INFO - Waiting for 30 seconds...
2024-03-13 18:38:23 - INFO - Starting C:\Program Files (x86)\MSI Afterburner\MSIAfterburner.exe with arguments ['-silent']...
2024-03-14 17:02:04 - INFO - Waiting for 0 seconds...
2024-03-14 17:02:04 - INFO - Starting C:\Program Files (x86)\VB\Voicemeeter\voicemeeter8.exe with arguments ...
2024-03-14 17:02:05 - INFO - Waiting for 10 seconds...
2024-03-14 17:02:09 - INFO - Waiting for 0 seconds...
2024-03-14 17:02:09 - INFO - Starting C:\Program Files (x86)\VB\Voicemeeter\voicemeeter8.exe with arguments ...
2024-03-14 17:02:09 - INFO - Waiting for 10 seconds...
2024-03-14 17:02:15 - INFO - Starting D:\SteamLibrary\steamapps\common\wallpaper_engine\wallpaper64.exe with arguments ...
2024-03-14 17:02:15 - INFO - Waiting for 15 seconds...
2024-03-14 17:02:19 - INFO - Starting D:\SteamLibrary\steamapps\common\wallpaper_engine\wallpaper64.exe with arguments ...
2024-03-14 17:02:19 - INFO - Waiting for 15 seconds...
2024-03-14 17:02:30 - INFO - Starting C:\Program Files (x86)\Steam\steam.exe with arguments ...
2024-03-14 17:02:34 - INFO - Starting C:\Program Files (x86)\Steam\steam.exe with arguments ...
2024-03-14 17:02:42 - INFO - Waiting for 30 seconds...
2024-03-14 17:02:42 - INFO - Waiting for 30 seconds...
2024-03-14 17:03:12 - INFO - Starting C:\Program Files (x86)\MSI Afterburner\MSIAfterburner.exe with arguments ['-silent']...
2024-03-14 17:03:12 - INFO - Starting C:\Program Files (x86)\MSI Afterburner\MSIAfterburner.exe with arguments ['-silent']...
2024-03-15 08:00:19 - INFO - Waiting for 0 seconds...
2024-03-15 08:00:19 - INFO - Starting C:\Program Files (x86)\VB\Voicemeeter\voicemeeter8.exe with arguments ...
2024-03-15 08:00:20 - INFO - Waiting for 10 seconds...
2024-03-15 08:00:24 - INFO - Waiting for 0 seconds...
2024-03-15 08:00:24 - INFO - Starting C:\Program Files (x86)\VB\Voicemeeter\voicemeeter8.exe with arguments ...
2024-03-15 08:00:24 - INFO - Waiting for 10 seconds...
2024-03-15 08:00:30 - INFO - Starting D:\SteamLibrary\steamapps\common\wallpaper_engine\wallpaper64.exe with arguments ...
2024-03-15 08:00:30 - INFO - Waiting for 15 seconds...
2024-03-15 08:00:34 - INFO - Starting D:\SteamLibrary\steamapps\common\wallpaper_engine\wallpaper64.exe with arguments ...
2024-03-15 08:00:34 - INFO - Waiting for 15 seconds...
2024-03-15 08:00:45 - INFO - Starting C:\Program Files (x86)\Steam\steam.exe with arguments ...
2024-03-15 08:00:45 - INFO - Waiting for 30 seconds...
2024-03-15 08:00:49 - INFO - Starting C:\Program Files (x86)\Steam\steam.exe with arguments ...
2024-03-15 08:00:49 - INFO - Waiting for 30 seconds...
2024-03-15 08:01:15 - INFO - Starting C:\Program Files (x86)\MSI Afterburner\MSIAfterburner.exe with arguments ['-silent']...
2024-03-15 08:01:19 - INFO - Starting C:\Program Files (x86)\MSI Afterburner\MSIAfterburner.exe with arguments ['-silent']...
2024-03-15 16:36:01 - INFO - Waiting for 0 seconds...
2024-03-15 16:36:01 - INFO - Starting C:\Program Files (x86)\VB\Voicemeeter\voicemeeter8.exe with arguments ...
2024-03-15 16:36:02 - INFO - Waiting for 10 seconds...
2024-03-15 16:36:12 - INFO - Starting D:\SteamLibrary\steamapps\common\wallpaper_engine\wallpaper64.exe with arguments ...
2024-03-15 16:36:12 - INFO - Waiting for 15 seconds...
2024-03-15 16:36:19 - INFO - Waiting for 0 seconds...
2024-03-15 16:36:19 - INFO - Starting C:\Program Files (x86)\VB\Voicemeeter\voicemeeter8.exe with arguments ...
2024-03-15 16:36:19 - INFO - Waiting for 10 seconds...
2024-03-15 16:36:27 - INFO - Starting C:\Program Files (x86)\Steam\steam.exe with arguments ...
2024-03-15 16:36:27 - INFO - Waiting for 30 seconds...
2024-03-15 16:36:29 - INFO - Starting D:\SteamLibrary\steamapps\common\wallpaper_engine\wallpaper64.exe with arguments ...
2024-03-15 16:36:29 - INFO - Waiting for 15 seconds...
2024-03-15 16:36:44 - INFO - Starting C:\Program Files (x86)\Steam\steam.exe with arguments ...
2024-03-15 16:36:44 - INFO - Waiting for 30 seconds...
2024-03-15 16:36:57 - INFO - Starting C:\Program Files (x86)\MSI Afterburner\MSIAfterburner.exe with arguments ['-silent']...
2024-03-15 16:37:14 - INFO - Starting C:\Program Files (x86)\MSI Afterburner\MSIAfterburner.exe with arguments ['-silent']...
2024-03-16 08:57:05 - INFO - Waiting for 0 seconds...
2024-03-16 08:57:05 - INFO - Starting C:\Program Files (x86)\VB\Voicemeeter\voicemeeter8.exe with arguments ...
2024-03-16 08:57:05 - INFO - Waiting for 10 seconds...
2024-03-16 08:57:08 - INFO - Waiting for 0 seconds...
2024-03-16 08:57:08 - INFO - Starting C:\Program Files (x86)\VB\Voicemeeter\voicemeeter8.exe with arguments ...
2024-03-16 08:57:08 - INFO - Waiting for 10 seconds...
2024-03-16 08:57:15 - INFO - Starting D:\SteamLibrary\steamapps\common\wallpaper_engine\wallpaper64.exe with arguments ...
2024-03-16 08:57:15 - INFO - Waiting for 15 seconds...
2024-03-16 08:57:18 - INFO - Starting D:\SteamLibrary\steamapps\common\wallpaper_engine\wallpaper64.exe with arguments ...
2024-03-16 08:57:18 - INFO - Waiting for 15 seconds...
2024-03-16 08:57:30 - INFO - Starting C:\Program Files (x86)\Steam\steam.exe with arguments ...
2024-03-16 08:57:32 - INFO - Waiting for 30 seconds...
2024-03-16 08:57:33 - INFO - Starting C:\Program Files (x86)\Steam\steam.exe with arguments ...
2024-03-16 08:57:33 - INFO - Waiting for 30 seconds...
2024-03-16 08:58:02 - INFO - Starting C:\Program Files (x86)\MSI Afterburner\MSIAfterburner.exe with arguments ['-silent']...
2024-03-16 08:58:03 - INFO - Starting C:\Program Files (x86)\MSI Afterburner\MSIAfterburner.exe with arguments ['-silent']...
2024-03-17 06:04:44 - INFO - Waiting for 0 seconds...
2024-03-17 06:04:44 - INFO - Starting C:\Program Files (x86)\VB\Voicemeeter\voicemeeter8.exe with arguments ...
2024-03-17 06:04:44 - INFO - Waiting for 10 seconds...
2024-03-17 06:04:47 - INFO - Waiting for 0 seconds...
2024-03-17 06:04:47 - INFO - Starting C:\Program Files (x86)\VB\Voicemeeter\voicemeeter8.exe with arguments ...
2024-03-17 06:04:47 - INFO - Waiting for 10 seconds...
2024-03-17 06:04:54 - INFO - Starting D:\SteamLibrary\steamapps\common\wallpaper_engine\wallpaper64.exe with arguments ...
2024-03-17 06:04:54 - INFO - Waiting for 15 seconds...
2024-03-17 06:04:57 - INFO - Starting D:\SteamLibrary\steamapps\common\wallpaper_engine\wallpaper64.exe with arguments ...
2024-03-17 06:04:57 - INFO - Waiting for 15 seconds...
2024-03-17 06:05:09 - INFO - Starting C:\Program Files (x86)\Steam\steam.exe with arguments ...
2024-03-17 06:05:09 - INFO - Waiting for 30 seconds...
2024-03-17 06:05:12 - INFO - Starting C:\Program Files (x86)\Steam\steam.exe with arguments ...
2024-03-17 06:05:12 - INFO - Waiting for 30 seconds...
2024-03-17 06:05:39 - INFO - Starting C:\Program Files (x86)\MSI Afterburner\MSIAfterburner.exe with arguments ['-silent']...
2024-03-17 06:05:42 - INFO - Starting C:\Program Files (x86)\MSI Afterburner\MSIAfterburner.exe with arguments ['-silent']...
2024-03-17 07:23:08 - INFO - Waiting for 0 seconds...
2024-03-17 07:23:08 - INFO - Starting C:\Program Files (x86)\VB\Voicemeeter\voicemeeter8.exe with arguments ...
2024-03-17 07:23:08 - INFO - Waiting for 10 seconds...
2024-03-17 07:23:18 - INFO - Starting D:\SteamLibrary\steamapps\common\wallpaper_engine\wallpaper64.exe with arguments ...
2024-03-17 07:23:18 - INFO - Waiting for 15 seconds...
2024-03-17 07:23:20 - INFO - Waiting for 0 seconds...
2024-03-17 07:23:20 - INFO - Starting C:\Program Files (x86)\VB\Voicemeeter\voicemeeter8.exe with arguments ...
2024-03-17 07:23:20 - INFO - Waiting for 10 seconds...
2024-03-17 07:23:30 - INFO - Starting D:\SteamLibrary\steamapps\common\wallpaper_engine\wallpaper64.exe with arguments ...
2024-03-17 07:23:30 - INFO - Waiting for 15 seconds...
2024-03-17 07:23:33 - INFO - Starting C:\Program Files (x86)\Steam\steam.exe with arguments ...
2024-03-17 07:23:33 - INFO - Waiting for 30 seconds...
2024-03-17 07:23:45 - INFO - Starting C:\Program Files (x86)\Steam\steam.exe with arguments ...
2024-03-17 07:23:45 - INFO - Waiting for 30 seconds...
2024-03-17 07:24:03 - INFO - Starting C:\Program Files (x86)\MSI Afterburner\MSIAfterburner.exe with arguments ['-silent']...
2024-03-17 07:24:15 - INFO - Starting C:\Program Files (x86)\MSI Afterburner\MSIAfterburner.exe with arguments ['-silent']...
2024-03-18 17:47:39 - INFO - Waiting for 0 seconds...
2024-03-18 17:47:39 - INFO - Starting C:\Program Files (x86)\VB\Voicemeeter\voicemeeter8.exe with arguments ...
2024-03-18 17:47:40 - INFO - Waiting for 10 seconds...
2024-03-18 17:47:47 - INFO - Waiting for 0 seconds...
2024-03-18 17:47:47 - INFO - Starting C:\Program Files (x86)\VB\Voicemeeter\voicemeeter8.exe with arguments ...
2024-03-18 17:47:47 - INFO - Waiting for 10 seconds...
2024-03-18 17:47:50 - INFO - Starting D:\SteamLibrary\steamapps\common\wallpaper_engine\wallpaper64.exe with arguments ...
2024-03-18 17:47:50 - INFO - Waiting for 15 seconds...
2024-03-18 17:47:57 - INFO - Starting D:\SteamLibrary\steamapps\common\wallpaper_engine\wallpaper64.exe with arguments ...
2024-03-18 17:47:57 - INFO - Waiting for 15 seconds...
2024-03-18 17:48:05 - INFO - Starting C:\Program Files (x86)\Steam\steam.exe with arguments ...
2024-03-18 17:48:05 - INFO - Waiting for 30 seconds...
2024-03-18 17:48:12 - INFO - Starting C:\Program Files (x86)\Steam\steam.exe with arguments ...
2024-03-18 17:48:12 - INFO - Waiting for 30 seconds...
2024-03-18 17:48:35 - INFO - Starting C:\Program Files (x86)\MSI Afterburner\MSIAfterburner.exe with arguments ['-silent']...
2024-03-18 17:48:42 - INFO - Starting C:\Program Files (x86)\MSI Afterburner\MSIAfterburner.exe with arguments ['-silent']...
2024-03-19 17:30:22 - INFO - Waiting for 0 seconds...
2024-03-19 17:30:24 - INFO - Starting C:\Program Files (x86)\VB\Voicemeeter\voicemeeter8.exe with arguments ...
2024-03-19 17:30:47 - INFO - Waiting for 10 seconds...
2024-03-19 17:30:57 - INFO - Starting D:\SteamLibrary\steamapps\common\wallpaper_engine\wallpaper64.exe with arguments ...
2024-03-19 17:30:57 - INFO - Waiting for 15 seconds...
2024-03-19 17:31:00 - INFO - Waiting for 0 seconds...
2024-03-19 17:31:00 - INFO - Starting C:\Program Files (x86)\VB\Voicemeeter\voicemeeter8.exe with arguments ...
2024-03-19 17:31:01 - INFO - Waiting for 10 seconds...
2024-03-19 17:31:11 - INFO - Starting D:\SteamLibrary\steamapps\common\wallpaper_engine\wallpaper64.exe with arguments ...
2024-03-19 17:31:11 - INFO - Waiting for 15 seconds...
2024-03-19 17:31:12 - INFO - Starting C:\Program Files (x86)\Steam\steam.exe with arguments ...
2024-03-19 17:31:12 - INFO - Waiting for 30 seconds...
2024-03-19 17:31:26 - INFO - Starting C:\Program Files (x86)\Steam\steam.exe with arguments ...
2024-03-19 17:31:26 - INFO - Waiting for 30 seconds...
2024-03-19 17:31:42 - INFO - Starting C:\Program Files (x86)\MSI Afterburner\MSIAfterburner.exe with arguments ['-silent']...
2024-03-19 17:31:56 - INFO - Starting C:\Program Files (x86)\MSI Afterburner\MSIAfterburner.exe with arguments ['-silent']...
2024-03-20 08:01:28 - INFO - Waiting for 0 seconds...
2024-03-20 08:01:28 - INFO - Starting C:\Program Files (x86)\VB\Voicemeeter\voicemeeter8.exe with arguments ...
2024-03-20 08:01:28 - INFO - Waiting for 10 seconds...
2024-03-20 08:01:38 - INFO - Starting D:\SteamLibrary\steamapps\common\wallpaper_engine\wallpaper64.exe with arguments ...
2024-03-20 08:01:41 - INFO - Waiting for 15 seconds...
2024-03-20 08:01:56 - INFO - Starting C:\Program Files (x86)\Steam\steam.exe with arguments ...
2024-03-20 08:01:57 - INFO - Waiting for 30 seconds...
2024-03-20 08:01:57 - INFO - Waiting for 0 seconds...
2024-03-20 08:01:57 - INFO - Starting C:\Program Files (x86)\VB\Voicemeeter\voicemeeter8.exe with arguments ...
2024-03-20 08:01:57 - INFO - Waiting for 10 seconds...
2024-03-20 08:02:07 - INFO - Starting D:\SteamLibrary\steamapps\common\wallpaper_engine\wallpaper64.exe with arguments ...
2024-03-20 08:02:07 - INFO - Waiting for 15 seconds...
2024-03-20 08:02:22 - INFO - Starting C:\Program Files (x86)\Steam\steam.exe with arguments ...
2024-03-20 08:02:27 - INFO - Starting C:\Program Files (x86)\MSI Afterburner\MSIAfterburner.exe with arguments ['-silent']...
2024-03-20 08:02:27 - INFO - Waiting for 30 seconds...
2024-03-20 08:02:57 - INFO - Starting C:\Program Files (x86)\MSI Afterburner\MSIAfterburner.exe with arguments ['-silent']...
2024-03-20 16:32:48 - INFO - Waiting for 0 seconds...
2024-03-20 16:32:48 - INFO - Starting C:\Program Files (x86)\VB\Voicemeeter\voicemeeter8.exe with arguments ...
2024-03-20 16:32:49 - INFO - Waiting for 10 seconds...
2024-03-20 16:32:51 - INFO - Waiting for 0 seconds...
2024-03-20 16:32:51 - INFO - Starting C:\Program Files (x86)\VB\Voicemeeter\voicemeeter8.exe with arguments ...
2024-03-20 16:32:51 - INFO - Waiting for 10 seconds...
2024-03-20 16:32:59 - INFO - Starting D:\SteamLibrary\steamapps\common\wallpaper_engine\wallpaper64.exe with arguments ...
2024-03-20 16:32:59 - INFO - Waiting for 15 seconds...
2024-03-20 16:33:01 - INFO - Starting D:\SteamLibrary\steamapps\common\wallpaper_engine\wallpaper64.exe with arguments ...
2024-03-20 16:33:01 - INFO - Waiting for 15 seconds...
2024-03-20 16:33:14 - INFO - Starting C:\Program Files (x86)\Steam\steam.exe with arguments ...
2024-03-20 16:33:14 - INFO - Waiting for 30 seconds...
2024-03-20 16:33:16 - INFO - Starting C:\Program Files (x86)\Steam\steam.exe with arguments ...
2024-03-20 16:33:16 - INFO - Waiting for 30 seconds...
2024-03-20 16:33:44 - INFO - Starting C:\Program Files (x86)\MSI Afterburner\MSIAfterburner.exe with arguments ['-silent']...
2024-03-20 16:33:46 - INFO - Starting C:\Program Files (x86)\MSI Afterburner\MSIAfterburner.exe with arguments ['-silent']...
2024-03-21 06:14:18 - INFO - Waiting for 0 seconds...
2024-03-21 06:14:18 - INFO - Starting C:\Program Files (x86)\VB\Voicemeeter\voicemeeter8.exe with arguments ...
2024-03-21 06:14:20 - INFO - Waiting for 10 seconds...
2024-03-21 06:14:30 - INFO - Starting D:\SteamLibrary\steamapps\common\wallpaper_engine\wallpaper64.exe with arguments ...
2024-03-21 06:14:30 - INFO - Waiting for 15 seconds...
2024-03-21 06:14:45 - INFO - Starting C:\Program Files (x86)\Steam\steam.exe with arguments ...
2024-03-21 06:14:45 - INFO - Waiting for 30 seconds...
2024-03-21 06:15:15 - INFO - Starting C:\Program Files (x86)\MSI Afterburner\MSIAfterburner.exe with arguments ['-silent']...
2024-03-21 06:15:47 - INFO - Waiting for 0 seconds...
2024-03-21 06:15:47 - INFO - Starting C:\Program Files (x86)\VB\Voicemeeter\voicemeeter8.exe with arguments ...
2024-03-21 06:15:47 - INFO - Waiting for 10 seconds...
2024-03-21 06:15:57 - INFO - Starting D:\SteamLibrary\steamapps\common\wallpaper_engine\wallpaper64.exe with arguments ...
2024-03-21 06:15:57 - INFO - Waiting for 15 seconds...
2024-03-21 06:16:12 - INFO - Starting C:\Program Files (x86)\Steam\steam.exe with arguments ...
2024-03-21 06:16:12 - INFO - Waiting for 30 seconds...
2024-03-21 06:16:42 - INFO - Starting C:\Program Files (x86)\MSI Afterburner\MSIAfterburner.exe with arguments ['-silent']...
2024-03-22 07:55:26 - INFO - Waiting for 0 seconds...
2024-03-22 07:55:26 - INFO - Starting C:\Program Files (x86)\VB\Voicemeeter\voicemeeter8.exe with arguments ...
2024-03-22 07:56:03 - INFO - Waiting for 10 seconds...
2024-03-22 07:56:13 - INFO - Starting D:\SteamLibrary\steamapps\common\wallpaper_engine\wallpaper64.exe with arguments ...
2024-03-22 07:56:13 - INFO - Waiting for 15 seconds...
2024-03-22 07:56:28 - INFO - Starting C:\Program Files (x86)\Steam\steam.exe with arguments ...
2024-03-22 07:56:30 - INFO - Waiting for 30 seconds...
2024-03-22 07:57:00 - INFO - Starting C:\Program Files (x86)\MSI Afterburner\MSIAfterburner.exe with arguments ['-silent']...
2024-03-22 07:57:18 - INFO - Waiting for 0 seconds...
2024-03-22 07:57:18 - INFO - Starting C:\Program Files (x86)\VB\Voicemeeter\voicemeeter8.exe with arguments ...
2024-03-22 07:57:18 - INFO - Waiting for 10 seconds...
2024-03-22 07:57:28 - INFO - Starting D:\SteamLibrary\steamapps\common\wallpaper_engine\wallpaper64.exe with arguments ...
2024-03-22 07:57:28 - INFO - Waiting for 15 seconds...
2024-03-22 07:57:43 - INFO - Starting C:\Program Files (x86)\Steam\steam.exe with arguments ...
2024-03-22 07:57:43 - INFO - Waiting for 30 seconds...
2024-03-22 07:58:13 - INFO - Starting C:\Program Files (x86)\MSI Afterburner\MSIAfterburner.exe with arguments ['-silent']...
2024-03-22 21:52:56 - INFO - Waiting for 0 seconds...
2024-03-22 21:52:56 - INFO - Starting C:\Program Files (x86)\VB\Voicemeeter\voicemeeter8.exe with arguments ...
2024-03-22 21:52:56 - INFO - Waiting for 10 seconds...
2024-03-22 21:52:59 - INFO - Waiting for 0 seconds...
2024-03-22 21:52:59 - INFO - Starting C:\Program Files (x86)\VB\Voicemeeter\voicemeeter8.exe with arguments ...
2024-03-22 21:52:59 - INFO - Waiting for 10 seconds...
2024-03-22 21:53:06 - INFO - Starting D:\SteamLibrary\steamapps\common\wallpaper_engine\wallpaper64.exe with arguments ...
2024-03-22 21:53:06 - INFO - Waiting for 15 seconds...
2024-03-22 21:53:09 - INFO - Starting D:\SteamLibrary\steamapps\common\wallpaper_engine\wallpaper64.exe with arguments ...
2024-03-22 21:53:09 - INFO - Waiting for 15 seconds...
2024-03-22 21:53:21 - INFO - Starting C:\Program Files (x86)\Steam\steam.exe with arguments ...
2024-03-22 21:53:21 - INFO - Waiting for 30 seconds...
2024-03-22 21:53:24 - INFO - Starting C:\Program Files (x86)\Steam\steam.exe with arguments ...
2024-03-22 21:53:24 - INFO - Waiting for 30 seconds...
2024-03-22 21:53:51 - INFO - Starting C:\Program Files (x86)\MSI Afterburner\MSIAfterburner.exe with arguments ['-silent']...
2024-03-22 21:53:54 - INFO - Starting C:\Program Files (x86)\MSI Afterburner\MSIAfterburner.exe with arguments ['-silent']...
2024-03-23 06:13:46 - INFO - Waiting for 0 seconds...
2024-03-23 06:13:46 - INFO - Starting C:\Program Files (x86)\VB\Voicemeeter\voicemeeter8.exe with arguments ...
2024-03-23 06:13:47 - INFO - Waiting for 10 seconds...
2024-03-23 06:13:57 - INFO - Starting D:\SteamLibrary\steamapps\common\wallpaper_engine\wallpaper64.exe with arguments ...
2024-03-23 06:13:57 - INFO - Waiting for 15 seconds...
2024-03-23 06:14:12 - INFO - Starting C:\Program Files (x86)\Steam\steam.exe with arguments ...
2024-03-23 06:14:12 - INFO - Waiting for 30 seconds...
2024-03-23 06:14:33 - INFO - Waiting for 0 seconds...
2024-03-23 06:14:33 - INFO - Starting C:\Program Files (x86)\VB\Voicemeeter\voicemeeter8.exe with arguments ...
2024-03-23 06:14:33 - INFO - Waiting for 10 seconds...
2024-03-23 06:14:42 - INFO - Starting C:\Program Files (x86)\MSI Afterburner\MSIAfterburner.exe with arguments ['-silent']...
2024-03-23 06:14:43 - INFO - Starting D:\SteamLibrary\steamapps\common\wallpaper_engine\wallpaper64.exe with arguments ...
2024-03-23 06:14:43 - INFO - Waiting for 15 seconds...
2024-03-23 06:14:58 - INFO - Starting C:\Program Files (x86)\Steam\steam.exe with arguments ...
2024-03-23 06:14:58 - INFO - Waiting for 30 seconds...
2024-03-23 06:15:28 - INFO - Starting C:\Program Files (x86)\MSI Afterburner\MSIAfterburner.exe with arguments ['-silent']...
2024-03-23 08:04:55 - INFO - Waiting for 0 seconds...
2024-03-23 08:04:55 - INFO - Starting C:\Program Files (x86)\VB\Voicemeeter\voicemeeter8.exe with arguments ...
2024-03-23 08:04:56 - INFO - Waiting for 10 seconds...
2024-03-23 08:04:59 - INFO - Waiting for 0 seconds...
2024-03-23 08:04:59 - INFO - Starting C:\Program Files (x86)\VB\Voicemeeter\voicemeeter8.exe with arguments ...
2024-03-23 08:04:59 - INFO - Waiting for 10 seconds...
2024-03-23 08:05:06 - INFO - Starting D:\SteamLibrary\steamapps\common\wallpaper_engine\wallpaper64.exe with arguments ...
2024-03-23 08:05:06 - INFO - Waiting for 15 seconds...
2024-03-23 08:05:09 - INFO - Starting D:\SteamLibrary\steamapps\common\wallpaper_engine\wallpaper64.exe with arguments ...
2024-03-23 08:05:09 - INFO - Waiting for 15 seconds...
2024-03-23 08:05:21 - INFO - Starting C:\Program Files (x86)\Steam\steam.exe with arguments ...
2024-03-23 08:05:21 - INFO - Waiting for 30 seconds...
2024-03-23 08:05:24 - INFO - Starting C:\Program Files (x86)\Steam\steam.exe with arguments ...
2024-03-23 08:05:24 - INFO - Waiting for 30 seconds...
2024-03-23 08:05:51 - INFO - Starting C:\Program Files (x86)\MSI Afterburner\MSIAfterburner.exe with arguments ['-silent']...
2024-03-23 08:05:54 - INFO - Starting C:\Program Files (x86)\MSI Afterburner\MSIAfterburner.exe with arguments ['-silent']...
2024-03-24 06:03:02 - INFO - Waiting for 0 seconds...
2024-03-24 06:03:02 - INFO - Starting C:\Program Files (x86)\VB\Voicemeeter\voicemeeter8.exe with arguments ...
2024-03-24 06:03:02 - INFO - Waiting for 10 seconds...
2024-03-24 06:03:06 - INFO - Waiting for 0 seconds...
2024-03-24 06:03:06 - INFO - Starting C:\Program Files (x86)\VB\Voicemeeter\voicemeeter8.exe with arguments ...
2024-03-24 06:03:06 - INFO - Waiting for 10 seconds...
2024-03-24 06:03:12 - INFO - Starting D:\SteamLibrary\steamapps\common\wallpaper_engine\wallpaper64.exe with arguments ...
2024-03-24 06:03:12 - INFO - Waiting for 15 seconds...
2024-03-24 06:03:16 - INFO - Starting D:\SteamLibrary\steamapps\common\wallpaper_engine\wallpaper64.exe with arguments ...
2024-03-24 06:03:16 - INFO - Waiting for 15 seconds...
2024-03-24 06:03:27 - INFO - Starting C:\Program Files (x86)\Steam\steam.exe with arguments ...
2024-03-24 06:03:27 - INFO - Waiting for 30 seconds...
2024-03-24 06:03:31 - INFO - Starting C:\Program Files (x86)\Steam\steam.exe with arguments ...
2024-03-24 06:03:31 - INFO - Waiting for 30 seconds...
2024-03-24 06:03:57 - INFO - Starting C:\Program Files (x86)\MSI Afterburner\MSIAfterburner.exe with arguments ['-silent']...
2024-03-24 06:04:01 - INFO - Starting C:\Program Files (x86)\MSI Afterburner\MSIAfterburner.exe with arguments ['-silent']...
2024-03-25 16:25:04 - INFO - Waiting for 0 seconds...
2024-03-25 16:25:04 - INFO - Starting C:\Program Files (x86)\VB\Voicemeeter\voicemeeter8.exe with arguments ...
2024-03-25 16:25:04 - INFO - Waiting for 10 seconds...
2024-03-25 16:25:07 - INFO - Waiting for 0 seconds...
2024-03-25 16:25:07 - INFO - Starting C:\Program Files (x86)\VB\Voicemeeter\voicemeeter8.exe with arguments ...
2024-03-25 16:25:07 - INFO - Waiting for 10 seconds...
2024-03-25 16:25:14 - INFO - Starting D:\SteamLibrary\steamapps\common\wallpaper_engine\wallpaper64.exe with arguments ...
2024-03-25 16:25:14 - INFO - Waiting for 15 seconds...
2024-03-25 16:25:17 - INFO - Starting D:\SteamLibrary\steamapps\common\wallpaper_engine\wallpaper64.exe with arguments ...
2024-03-25 16:25:17 - INFO - Waiting for 15 seconds...
2024-03-25 16:25:29 - INFO - Starting C:\Program Files (x86)\Steam\steam.exe with arguments ...
2024-03-25 16:25:29 - INFO - Waiting for 30 seconds...
2024-03-25 16:25:32 - INFO - Starting C:\Program Files (x86)\Steam\steam.exe with arguments ...
2024-03-25 16:25:32 - INFO - Waiting for 30 seconds...
2024-03-25 16:25:59 - INFO - Starting C:\Program Files (x86)\MSI Afterburner\MSIAfterburner.exe with arguments ['-silent']...
2024-03-25 16:26:02 - INFO - Starting C:\Program Files (x86)\MSI Afterburner\MSIAfterburner.exe with arguments ['-silent']...
2024-03-26 16:23:42 - INFO - Waiting for 0 seconds...
2024-03-26 16:23:42 - INFO - Starting C:\Program Files (x86)\VB\Voicemeeter\voicemeeter8.exe with arguments ...
2024-03-26 16:23:43 - INFO - Waiting for 10 seconds...
2024-03-26 16:23:46 - INFO - Waiting for 0 seconds...
2024-03-26 16:23:46 - INFO - Starting C:\Program Files (x86)\VB\Voicemeeter\voicemeeter8.exe with arguments ...
2024-03-26 16:23:46 - INFO - Waiting for 10 seconds...
2024-03-26 16:23:53 - INFO - Starting D:\SteamLibrary\steamapps\common\wallpaper_engine\wallpaper64.exe with arguments ...
2024-03-26 16:23:53 - INFO - Waiting for 15 seconds...
2024-03-26 16:23:56 - INFO - Starting D:\SteamLibrary\steamapps\common\wallpaper_engine\wallpaper64.exe with arguments ...
2024-03-26 16:23:56 - INFO - Waiting for 15 seconds...
2024-03-26 16:24:08 - INFO - Starting C:\Program Files (x86)\Steam\steam.exe with arguments ...
2024-03-26 16:24:08 - INFO - Waiting for 30 seconds...
2024-03-26 16:24:11 - INFO - Starting C:\Program Files (x86)\Steam\steam.exe with arguments ...
2024-03-26 16:24:11 - INFO - Waiting for 30 seconds...
2024-03-26 16:24:38 - INFO - Starting C:\Program Files (x86)\MSI Afterburner\MSIAfterburner.exe with arguments ['-silent']...
2024-03-26 16:24:41 - INFO - Starting C:\Program Files (x86)\MSI Afterburner\MSIAfterburner.exe with arguments ['-silent']...
2024-03-27 07:59:32 - INFO - Waiting for 0 seconds...
2024-03-27 07:59:33 - INFO - Starting C:\Program Files (x86)\VB\Voicemeeter\voicemeeter8.exe with arguments ...
2024-03-27 07:59:43 - INFO - Waiting for 10 seconds...
2024-03-27 07:59:53 - INFO - Starting D:\SteamLibrary\steamapps\common\wallpaper_engine\wallpaper64.exe with arguments ...
2024-03-27 07:59:53 - INFO - Waiting for 15 seconds...
2024-03-27 08:00:08 - INFO - Starting C:\Program Files (x86)\Steam\steam.exe with arguments ...
2024-03-27 08:00:08 - INFO - Waiting for 30 seconds...
2024-03-27 08:00:38 - INFO - Starting C:\Program Files (x86)\MSI Afterburner\MSIAfterburner.exe with arguments ['-silent']...
2024-03-27 08:01:19 - INFO - Waiting for 0 seconds...
2024-03-27 08:01:19 - INFO - Starting C:\Program Files (x86)\VB\Voicemeeter\voicemeeter8.exe with arguments ...
2024-03-27 08:01:20 - INFO - Waiting for 10 seconds...
2024-03-27 08:01:30 - INFO - Starting D:\SteamLibrary\steamapps\common\wallpaper_engine\wallpaper64.exe with arguments ...
2024-03-27 08:01:30 - INFO - Waiting for 15 seconds...
2024-03-27 08:01:45 - INFO - Starting C:\Program Files (x86)\Steam\steam.exe with arguments ...
2024-03-27 08:01:45 - INFO - Waiting for 30 seconds...
2024-03-27 08:02:15 - INFO - Starting C:\Program Files (x86)\MSI Afterburner\MSIAfterburner.exe with arguments ['-silent']...
2024-03-28 09:44:36 - INFO - Waiting for 0 seconds...
2024-03-28 09:44:36 - INFO - Starting C:\Program Files (x86)\VB\Voicemeeter\voicemeeter8.exe with arguments ...
2024-03-28 09:44:37 - INFO - Waiting for 10 seconds...
2024-03-28 09:44:47 - INFO - Starting D:\SteamLibrary\steamapps\common\wallpaper_engine\wallpaper64.exe with arguments ...
2024-03-28 09:44:47 - INFO - Waiting for 15 seconds...
2024-03-28 09:45:02 - INFO - Starting C:\Program Files (x86)\Steam\steam.exe with arguments ...
2024-03-28 09:45:06 - INFO - Waiting for 30 seconds...
2024-03-28 09:45:36 - INFO - Starting C:\Program Files (x86)\MSI Afterburner\MSIAfterburner.exe with arguments ['-silent']...
2024-03-28 09:46:45 - INFO - Waiting for 0 seconds...
2024-03-28 09:46:45 - INFO - Starting C:\Program Files (x86)\VB\Voicemeeter\voicemeeter8.exe with arguments ...
2024-03-28 09:46:45 - INFO - Waiting for 10 seconds...
2024-03-28 09:46:55 - INFO - Starting D:\SteamLibrary\steamapps\common\wallpaper_engine\wallpaper64.exe with arguments ...
2024-03-28 09:46:55 - INFO - Waiting for 15 seconds...
2024-03-28 09:47:10 - INFO - Starting C:\Program Files (x86)\Steam\steam.exe with arguments ...
2024-03-28 09:47:10 - INFO - Waiting for 30 seconds...
2024-03-28 09:47:40 - INFO - Starting C:\Program Files (x86)\MSI Afterburner\MSIAfterburner.exe with arguments ['-silent']...
2024-03-29 10:40:34 - INFO - Waiting for 0 seconds...
2024-03-29 10:40:34 - INFO - Starting C:\Program Files (x86)\VB\Voicemeeter\voicemeeter8.exe with arguments ...
2024-03-29 10:40:35 - INFO - Waiting for 10 seconds...
2024-03-29 10:40:45 - INFO - Starting D:\SteamLibrary\steamapps\common\wallpaper_engine\wallpaper64.exe with arguments ...
2024-03-29 10:40:45 - INFO - Waiting for 15 seconds...
2024-03-29 10:41:00 - INFO - Starting C:\Program Files (x86)\Steam\steam.exe with arguments ...
2024-03-29 10:41:00 - INFO - Waiting for 30 seconds...
2024-03-29 10:41:30 - INFO - Starting C:\Program Files (x86)\MSI Afterburner\MSIAfterburner.exe with arguments ['-silent']...
2024-03-29 10:42:06 - INFO - Waiting for 0 seconds...
2024-03-29 10:42:06 - INFO - Starting C:\Program Files (x86)\VB\Voicemeeter\voicemeeter8.exe with arguments ...
2024-03-29 10:42:06 - INFO - Waiting for 10 seconds...
2024-03-29 10:42:16 - INFO - Starting D:\SteamLibrary\steamapps\common\wallpaper_engine\wallpaper64.exe with arguments ...
2024-03-29 10:42:16 - INFO - Waiting for 15 seconds...
2024-03-29 10:42:31 - INFO - Starting C:\Program Files (x86)\Steam\steam.exe with arguments ...
2024-03-29 10:42:31 - INFO - Waiting for 30 seconds...
2024-03-29 10:43:01 - INFO - Starting C:\Program Files (x86)\MSI Afterburner\MSIAfterburner.exe with arguments ['-silent']...
2024-03-30 09:48:56 - INFO - Waiting for 0 seconds...
2024-03-30 09:48:56 - INFO - Starting C:\Program Files (x86)\VB\Voicemeeter\voicemeeter8.exe with arguments ...
2024-03-30 09:48:56 - INFO - Waiting for 10 seconds...
2024-03-30 09:49:05 - INFO - Waiting for 0 seconds...
2024-03-30 09:49:05 - INFO - Starting C:\Program Files (x86)\VB\Voicemeeter\voicemeeter8.exe with arguments ...
2024-03-30 09:49:05 - INFO - Waiting for 10 seconds...
2024-03-30 09:49:06 - INFO - Starting D:\SteamLibrary\steamapps\common\wallpaper_engine\wallpaper64.exe with arguments ...
2024-03-30 09:49:07 - INFO - Waiting for 15 seconds...
2024-03-30 09:49:15 - INFO - Starting D:\SteamLibrary\steamapps\common\wallpaper_engine\wallpaper64.exe with arguments ...
2024-03-30 09:49:15 - INFO - Waiting for 15 seconds...
2024-03-30 09:49:22 - INFO - Starting C:\Program Files (x86)\Steam\steam.exe with arguments ...
2024-03-30 09:49:22 - INFO - Waiting for 30 seconds...
2024-03-30 09:49:30 - INFO - Starting C:\Program Files (x86)\Steam\steam.exe with arguments ...
2024-03-30 09:49:30 - INFO - Waiting for 30 seconds...
2024-03-30 09:49:52 - INFO - Starting C:\Program Files (x86)\MSI Afterburner\MSIAfterburner.exe with arguments ['-silent']...
2024-03-30 09:50:00 - INFO - Starting C:\Program Files (x86)\MSI Afterburner\MSIAfterburner.exe with arguments ['-silent']...
2024-03-31 08:13:49 - INFO - Waiting for 0 seconds...
2024-03-31 08:13:49 - INFO - Starting C:\Program Files (x86)\VB\Voicemeeter\voicemeeter8.exe with arguments ...
2024-03-31 08:13:51 - INFO - Waiting for 10 seconds...
2024-03-31 08:14:01 - INFO - Starting D:\SteamLibrary\steamapps\common\wallpaper_engine\wallpaper64.exe with arguments ...
2024-03-31 08:14:01 - INFO - Waiting for 15 seconds...
2024-03-31 08:14:16 - INFO - Starting C:\Program Files (x86)\Steam\steam.exe with arguments ...
2024-03-31 08:14:16 - INFO - Waiting for 30 seconds...
2024-03-31 08:14:41 - INFO - Waiting for 0 seconds...
2024-03-31 08:14:41 - INFO - Starting C:\Program Files (x86)\VB\Voicemeeter\voicemeeter8.exe with arguments ...
2024-03-31 08:14:41 - INFO - Waiting for 10 seconds...
2024-03-31 08:14:46 - INFO - Starting C:\Program Files (x86)\MSI Afterburner\MSIAfterburner.exe with arguments ['-silent']...
2024-03-31 08:14:51 - INFO - Starting D:\SteamLibrary\steamapps\common\wallpaper_engine\wallpaper64.exe with arguments ...
2024-03-31 08:14:51 - INFO - Waiting for 15 seconds...
2024-03-31 08:15:06 - INFO - Starting C:\Program Files (x86)\Steam\steam.exe with arguments ...
2024-03-31 08:15:06 - INFO - Waiting for 30 seconds...
2024-03-31 08:15:36 - INFO - Starting C:\Program Files (x86)\MSI Afterburner\MSIAfterburner.exe with arguments ['-silent']...
